<?xml version="1.0" encoding="UTF-8"?>
<testsuite xmlns:xsi="http://www.w3.org/2001/XMLSchema-instance" xsi:noNamespaceSchemaLocation="https://maven.apache.org/surefire/maven-surefire-plugin/xsd/surefire-test-report-3.0.xsd" version="3.0" name="cs410.uno.GameStateTest" time="0.049" tests="5" errors="0" skipped="0" failures="0">
  <properties>
    <property name="awt.toolkit" value="sun.lwawt.macosx.LWCToolkit"/>
    <property name="jdk.extensions.version" value="17.0.9.0-ea"/>
    <property name="java.specification.version" value="17"/>
    <property name="file.encoding.pkg" value="sun.io"/>
    <property name="sun.jnu.encoding" value="UTF-8"/>
    <property name="java.class.path" value="/Users/estevaolordeiro/GitLab/cs410-f23/Uno/target/test-classes:/Users/estevaolordeiro/GitLab/cs410-f23/Uno/target/classes:/Users/estevaolordeiro/.m2/repository/org/junit/jupiter/junit-jupiter/5.10.0/junit-jupiter-5.10.0.jar:/Users/estevaolordeiro/.m2/repository/org/junit/jupiter/junit-jupiter-api/5.10.0/junit-jupiter-api-5.10.0.jar:/Users/estevaolordeiro/.m2/repository/org/opentest4j/opentest4j/1.3.0/opentest4j-1.3.0.jar:/Users/estevaolordeiro/.m2/repository/org/junit/platform/junit-platform-commons/1.10.0/junit-platform-commons-1.10.0.jar:/Users/estevaolordeiro/.m2/repository/org/apiguardian/apiguardian-api/1.1.2/apiguardian-api-1.1.2.jar:/Users/estevaolordeiro/.m2/repository/org/junit/jupiter/junit-jupiter-params/5.10.0/junit-jupiter-params-5.10.0.jar:/Users/estevaolordeiro/.m2/repository/org/junit/jupiter/junit-jupiter-engine/5.10.0/junit-jupiter-engine-5.10.0.jar:/Users/estevaolordeiro/.m2/repository/org/junit/platform/junit-platform-engine/1.10.0/junit-platform-engine-1.10.0.jar:"/>
    <property name="java.vm.vendor" value="Eclipse OpenJ9"/>
    <property name="com.ibm.vm.bitmode" value="64"/>
    <property name="sun.arch.data.model" value="64"/>
    <property name="user.variant" value=""/>
    <property name="com.ibm.oti.vm.library.version" value="29"/>
    <property name="java.vendor.url" value="https://www.ibm.com/semeru-runtimes"/>
    <property name="os.name" value="Mac OS X"/>
    <property name="java.vm.specification.version" value="17"/>
    <property name="user.country" value="US"/>
    <property name="sun.java.launcher" value="SUN_STANDARD"/>
    <property name="sun.boot.library.path" value="/Users/estevaolordeiro/Library/Java/JavaVirtualMachines/semeru-17.0.9/Contents/Home/lib/default:/Users/estevaolordeiro/Library/Java/JavaVirtualMachines/semeru-17.0.9/Contents/Home/lib"/>
    <property name="sun.java.command" value="/Users/estevaolordeiro/GitLab/cs410-f23/Uno/target/surefire/surefirebooter-20231112143655711_3.jar /Users/estevaolordeiro/GitLab/cs410-f23/Uno/target/surefire 2023-11-12T14-36-55_643-jvmRun1 surefire-20231112143655711_1tmp surefire_0-20231112143655711_2tmp"/>
    <property name="surefire.test.class.path" value="/Users/estevaolordeiro/GitLab/cs410-f23/Uno/target/test-classes:/Users/estevaolordeiro/GitLab/cs410-f23/Uno/target/classes:/Users/estevaolordeiro/.m2/repository/org/junit/jupiter/junit-jupiter/5.10.0/junit-jupiter-5.10.0.jar:/Users/estevaolordeiro/.m2/repository/org/junit/jupiter/junit-jupiter-api/5.10.0/junit-jupiter-api-5.10.0.jar:/Users/estevaolordeiro/.m2/repository/org/opentest4j/opentest4j/1.3.0/opentest4j-1.3.0.jar:/Users/estevaolordeiro/.m2/repository/org/junit/platform/junit-platform-commons/1.10.0/junit-platform-commons-1.10.0.jar:/Users/estevaolordeiro/.m2/repository/org/apiguardian/apiguardian-api/1.1.2/apiguardian-api-1.1.2.jar:/Users/estevaolordeiro/.m2/repository/org/junit/jupiter/junit-jupiter-params/5.10.0/junit-jupiter-params-5.10.0.jar:/Users/estevaolordeiro/.m2/repository/org/junit/jupiter/junit-jupiter-engine/5.10.0/junit-jupiter-engine-5.10.0.jar:/Users/estevaolordeiro/.m2/repository/org/junit/platform/junit-platform-engine/1.10.0/junit-platform-engine-1.10.0.jar:"/>
    <property name="sun.cpu.endian" value="little"/>
    <property name="user.home" value="/Users/estevaolordeiro"/>
    <property name="user.language" value="en"/>
    <property name="java.specification.vendor" value="Oracle Corporation"/>
    <property name="java.version.date" value="2023-10-17"/>
    <property name="java.home" value="/Users/estevaolordeiro/Library/Java/JavaVirtualMachines/semeru-17.0.9/Contents/Home"/>
    <property name="ibm.signalhandling.rs" value="false"/>
    <property name="openjdk.methodhandles" value="true"/>
    <property name="jdk.extensions.name" value="Extensions for OpenJDK for Eclipse OpenJ9"/>
    <property name="file.separator" value="/"/>
    <property name="basedir" value="/Users/estevaolordeiro/GitLab/cs410-f23/Uno"/>
    <property name="line.separator" value="&#10;"/>
    <property name="java.vm.specification.vendor" value="Oracle Corporation"/>
    <property name="java.specification.name" value="Java Platform API Specification"/>
    <property name="java.compiler" value="j9jit29"/>
    <property name="com.ibm.util.extralibs.properties" value=""/>
    <property name="java.awt.graphicsenv" value="sun.awt.CGraphicsEnvironment"/>
    <property name="com.ibm.oti.configuration" value="scar"/>
    <property name="surefire.real.class.path" value="/Users/estevaolordeiro/GitLab/cs410-f23/Uno/target/surefire/surefirebooter-20231112143655711_3.jar"/>
    <property name="com.ibm.oti.shared.enabled" value="false"/>
    <property name="com.ibm.oti.vm.bootstrap.library.path" value="/Users/estevaolordeiro/Library/Java/JavaVirtualMachines/semeru-17.0.9/Contents/Home/lib/default:/Users/estevaolordeiro/Library/Java/JavaVirtualMachines/semeru-17.0.9/Contents/Home/lib"/>
    <property name="com.ibm.cpu.endian" value="little"/>
    <property name="java.fullversion" value="17.0.9+7&#10;JRE 17 Mac OS X amd64-64-Bit Compressed References 20231017_547 (JIT enabled, AOT enabled)&#10;OpenJ9   - 3ede3b5a4&#10;OMR      - fa7b6ddc7&#10;JCL      - 4024096e8d2 based on jdk-17.0.9+7"/>
    <property name="java.runtime.version" value="17.0.9+7"/>
    <property name="user.name" value="estevaolordeiro"/>
    <property name="path.separator" value=":"/>
    <property name="os.version" value="13.6"/>
    <property name="java.runtime.name" value="IBM Semeru Runtime Open Edition"/>
    <property name="ibm.signalhandling.sigint" value="true"/>
    <property name="file.encoding" value="UTF-8"/>
    <property name="java.vm.name" value="Eclipse OpenJ9 VM"/>
    <property name="java.vendor.version" value="17.0.9.0-m2"/>
    <property name="ibm.signalhandling.sigchain" value="true"/>
    <property name="localRepository" value="/Users/estevaolordeiro/.m2/repository"/>
    <property name="java.vendor.url.bug" value="https://github.com/ibmruntimes/Semeru-Runtimes/issues"/>
    <property name="java.io.tmpdir" value="/var/folders/gv/_s4jvhpj6tz4zn8n2hmxszbw0000gn/T/"/>
    <property name="java.version" value="17.0.9"/>
    <property name="com.ibm.system.agent.path" value="/Users/estevaolordeiro/Library/Java/JavaVirtualMachines/semeru-17.0.9/Contents/Home/lib"/>
    <property name="user.dir" value="/Users/estevaolordeiro/GitLab/cs410-f23/Uno"/>
    <property name="os.arch" value="x86_64"/>
    <property name="java.vm.specification.name" value="Java Virtual Machine Specification"/>
    <property name="java.awt.printerjob" value="sun.lwawt.macosx.CPrinterJob"/>
    <property name="os.encoding" value="UTF-8"/>
    <property name="native.encoding" value="UTF-8"/>
    <property name="java.library.path" value="/Users/estevaolordeiro/Library/Java/JavaVirtualMachines/semeru-17.0.9/Contents/Home/lib/default:/Users/estevaolordeiro/Library/Java/JavaVirtualMachines/semeru-17.0.9/Contents/Home/lib:/usr/lib"/>
    <property name="java.vm.info" value="JRE 17 Mac OS X amd64-64-Bit Compressed References 20231017_547 (JIT enabled, AOT enabled)&#10;OpenJ9   - 3ede3b5a4&#10;OMR      - fa7b6ddc7&#10;JCL      - 4024096e8d2 based on jdk-17.0.9+7"/>
    <property name="java.vendor" value="IBM Corporation"/>
    <property name="java.vm.version" value="v0.41.0-release-3ede3b5a4"/>
    <property name="ibm.system.encoding" value="UTF-8"/>
    <property name="com.ibm.jcl.checkClassPath" value=""/>
    <property name="java.lang.invoke.VarHandle.VAR_HANDLE_GUARDS" value="false"/>
    <property name="sun.io.unicode.encoding" value="UnicodeLittle"/>
    <property name="java.class.version" value="61.0"/>
  </properties>
  <testcase name="rulesTest" classname="cs410.uno.GameStateTest" time="0.027">
    <system-out><![CDATA[Starting game...

Player 0 played    RED-SKIP    

Player 1 was skipped...

Player 2 played    RED-REVERSE 

Game direction was reversed...

Player 1 played    RED-DRAW_TWO

Player 0 drew two cards and was skipped...

Top card:    RED-DRAW_TWO Direction: ^^
  Player 0 hand [12]: [  BLUE-FIVE    ,    RED-TWO     ,   BLUE-ONE     ,  GREEN-THREE   , YELLOW-THREE   ,    RED-ONE     ,  GREEN-ONE     , YELLOW-ONE     ,  GREEN-TWO     ,    RED-ZERO    ,   BLUE-FOUR    ,  GREEN-EIGHT   ]
  Player 1 hand [10]: [  BLUE-ZERO    , YELLOW-ZERO    , YELLOW-SEVEN   ,  GREEN-SEVEN   ,  GREEN-ONE     ,   BLUE-TWO     ,  GREEN-EIGHT   ,    RED-SEVEN   ,  GREEN-ZERO    ,    RED-SEVEN   ]
  Player 2 hand [10]: [YELLOW-FOUR    ,   BLUE-THREE   ,   BLUE-EIGHT   ,   BLUE-FIVE    ,    RED-TWO     ,   BLUE-TWO     ,    RED-EIGHT   ,    RED-FIVE    , YELLOW-NINE    ,   BLUE-NINE    ]
>>Player 3 hand [10]: [  WILD-WILD    ,    RED-FOUR    ,   BLUE-SEVEN   ,   BLUE-ONE     ,    RED-NINE    ,   BLUE-FIVE    ,    RED-FOUR    ,   BLUE-SEVEN   ,  GREEN-SEVEN   ,  GREEN-SIX     ]

Player 3 played    RED-FOUR    

Top card:    RED-FOUR     Direction: ^^
  Player 0 hand [12]: [  BLUE-FIVE    ,    RED-TWO     ,   BLUE-ONE     ,  GREEN-THREE   , YELLOW-THREE   ,    RED-ONE     ,  GREEN-ONE     , YELLOW-ONE     ,  GREEN-TWO     ,    RED-ZERO    ,   BLUE-FOUR    ,  GREEN-EIGHT   ]
  Player 1 hand [10]: [  BLUE-ZERO    , YELLOW-ZERO    , YELLOW-SEVEN   ,  GREEN-SEVEN   ,  GREEN-ONE     ,   BLUE-TWO     ,  GREEN-EIGHT   ,    RED-SEVEN   ,  GREEN-ZERO    ,    RED-SEVEN   ]
>>Player 2 hand [10]: [YELLOW-FOUR    ,   BLUE-THREE   ,   BLUE-EIGHT   ,   BLUE-FIVE    ,    RED-TWO     ,   BLUE-TWO     ,    RED-EIGHT   ,    RED-FIVE    , YELLOW-NINE    ,   BLUE-NINE    ]
  Player 3 hand [9]: [  BLUE-SEVEN   ,  GREEN-SIX     ,   WILD-WILD    ,    RED-FOUR    ,    RED-NINE    ,  GREEN-SEVEN   ,   BLUE-ONE     ,   BLUE-SEVEN   ,   BLUE-FIVE    ]

Player 2 played    RED-TWO     

Top card:    RED-TWO      Direction: ^^
  Player 0 hand [12]: [  BLUE-FIVE    ,    RED-TWO     ,   BLUE-ONE     ,  GREEN-THREE   , YELLOW-THREE   ,    RED-ONE     ,  GREEN-ONE     , YELLOW-ONE     ,  GREEN-TWO     ,    RED-ZERO    ,   BLUE-FOUR    ,  GREEN-EIGHT   ]
>>Player 1 hand [10]: [  BLUE-ZERO    , YELLOW-ZERO    , YELLOW-SEVEN   ,  GREEN-SEVEN   ,  GREEN-ONE     ,   BLUE-TWO     ,  GREEN-EIGHT   ,    RED-SEVEN   ,  GREEN-ZERO    ,    RED-SEVEN   ]
  Player 2 hand [9]: [   RED-EIGHT   ,   BLUE-FIVE    ,   BLUE-TWO     ,   BLUE-EIGHT   ,    RED-FIVE    ,   BLUE-THREE   , YELLOW-NINE    , YELLOW-FOUR    ,   BLUE-NINE    ]
  Player 3 hand [9]: [  BLUE-SEVEN   ,  GREEN-SIX     ,   WILD-WILD    ,    RED-FOUR    ,    RED-NINE    ,  GREEN-SEVEN   ,   BLUE-ONE     ,   BLUE-SEVEN   ,   BLUE-FIVE    ]

Player 1 played    RED-SEVEN   

Player 0 played    RED-WILD    

Player 3 played   BLUE-WILD    

Player 2 played  GREEN-WILD    

Player 1 played YELLOW-WILD    

]]></system-out>
  </testcase>
  <testcase name="noValidCardTest" classname="cs410.uno.GameStateTest" time="0.003">
    <system-out><![CDATA[Starting game...

Top card:  GREEN-ONE      Direction: vv
>>Player 0 hand [5]: [  BLUE-ONE     ,  GREEN-FOUR    ,    RED-FIVE    , YELLOW-THREE   , YELLOW-EIGHT   ]
  Player 1 hand [5]: [ GREEN-NINE    , YELLOW-SIX     ,    RED-ZERO    ,   BLUE-ZERO    ,    RED-TWO     ]

Player 0 played  GREEN-FOUR    

Top card:  GREEN-FOUR     Direction: vv
  Player 0 hand [4]: [   RED-FIVE    , YELLOW-THREE   ,   BLUE-ONE     , YELLOW-EIGHT   ]
>>Player 1 hand [5]: [ GREEN-NINE    , YELLOW-SIX     ,    RED-ZERO    ,   BLUE-ZERO    ,    RED-TWO     ]

Player 1 played  GREEN-NINE    

Top card:  GREEN-NINE     Direction: vv
>>Player 0 hand [4]: [   RED-FIVE    , YELLOW-THREE   ,   BLUE-ONE     , YELLOW-EIGHT   ]
  Player 1 hand [4]: [YELLOW-SIX     ,   BLUE-ZERO    ,    RED-TWO     ,    RED-ZERO    ]

Player 0 drew a card
Player 0 didn't have a valid card to play

]]></system-out>
  </testcase>
  <testcase name="startGameTest" classname="cs410.uno.GameStateTest" time="0.01">
    <system-out><![CDATA[Starting game...

Starting game...

Starting game...

Starting game...

Starting game...

Starting game...

Starting game...

Starting game...

Starting game...

Starting game...

Starting game...

Starting game...

Starting game...

Starting game...

Starting game...

Starting game...

Starting game...

Starting game...

Starting game...

Starting game...

Starting game...

Starting game...

Starting game...

Starting game...

Starting game...

Starting game...

Starting game...

Starting game...

Starting game...

Starting game...

Starting game...

Starting game...

Starting game...

Starting game...

Starting game...

Starting game...

Starting game...

Starting game...

Starting game...

Starting game...

Starting game...

Starting game...

Starting game...

Starting game...

Starting game...

Starting game...

Starting game...

Starting game...

Starting game...

Starting game...

Starting game...

]]></system-out>
  </testcase>
  <testcase name="twoPlayerGameTest" classname="cs410.uno.GameStateTest" time="0.002">
    <system-out><![CDATA[Starting game...

Player 0 played    RED-SKIP    

Player 1 was skipped...

Player 0 played    RED-REVERSE 

Game direction was reversed...

Player 0 played    RED-DRAW_TWO

Player 1 drew two cards and was skipped...

Top card:    RED-DRAW_TWO Direction: ^^
>>Player 0 hand [10]: [ GREEN-FOUR    , YELLOW-NINE    ,    RED-NINE    , YELLOW-ONE     ,   BLUE-THREE   ,  GREEN-SIX     ,  GREEN-ZERO    ,   BLUE-EIGHT   , YELLOW-THREE   ,   WILD-WILD    ]
  Player 1 hand [12]: [  WILD-WILD    ,  GREEN-NINE    , YELLOW-EIGHT   ,   BLUE-SIX     ,    RED-EIGHT   ,   BLUE-SEVEN   ,    RED-FIVE    ,  GREEN-TWO     ,    RED-SEVEN   ,    RED-TWO     ,    RED-ONE     , YELLOW-SEVEN   ]

Player 0 played  GREEN-WILD    

]]></system-out>
  </testcase>
  <testcase name="isGameOverTest" classname="cs410.uno.GameStateTest" time="0.005">
    <system-out><![CDATA[Starting game...

Top card:  GREEN-NINE     Direction: vv
>>Player 0 hand [7]: [  BLUE-DRAW_TWO,   WILD-WILD    ,    RED-SIX     ,    RED-ONE     ,  GREEN-SIX     , YELLOW-NINE    ,    RED-REVERSE ]
  Player 1 hand [7]: [  BLUE-SIX     ,    RED-FIVE    ,  GREEN-EIGHT   ,   BLUE-EIGHT   ,    RED-TWO     ,   BLUE-REVERSE , YELLOW-FOUR    ]

Player 0 played YELLOW-NINE    

Top card: YELLOW-NINE     Direction: vv
  Player 0 hand [6]: [   RED-SIX     ,   BLUE-DRAW_TWO,   WILD-WILD    ,    RED-REVERSE ,    RED-ONE     ,  GREEN-SIX     ]
>>Player 1 hand [7]: [  BLUE-SIX     ,    RED-FIVE    ,  GREEN-EIGHT   ,   BLUE-EIGHT   ,    RED-TWO     ,   BLUE-REVERSE , YELLOW-FOUR    ]

Player 1 played YELLOW-FOUR    

Top card: YELLOW-FOUR     Direction: vv
>>Player 0 hand [6]: [   RED-SIX     ,   BLUE-DRAW_TWO,   WILD-WILD    ,    RED-REVERSE ,    RED-ONE     ,  GREEN-SIX     ]
  Player 1 hand [6]: [   RED-TWO     ,  GREEN-EIGHT   ,    RED-FIVE    ,   BLUE-SIX     ,   BLUE-EIGHT   ,   BLUE-REVERSE ]

Player 0 played    RED-WILD    

Top card:    RED-WILD     Direction: vv
  Player 0 hand [5]: [   RED-ONE     ,  GREEN-SIX     ,    RED-REVERSE ,   BLUE-DRAW_TWO,    RED-SIX     ]
>>Player 1 hand [6]: [   RED-TWO     ,  GREEN-EIGHT   ,    RED-FIVE    ,   BLUE-SIX     ,   BLUE-EIGHT   ,   BLUE-REVERSE ]

Player 1 played    RED-TWO     

Top card:    RED-TWO      Direction: vv
>>Player 0 hand [5]: [   RED-ONE     ,  GREEN-SIX     ,    RED-REVERSE ,   BLUE-DRAW_TWO,    RED-SIX     ]
  Player 1 hand [5]: [ GREEN-EIGHT   ,   BLUE-SIX     ,    RED-FIVE    ,   BLUE-REVERSE ,   BLUE-EIGHT   ]

Player 0 played    RED-REVERSE 

Game direction was reversed...

Top card:    RED-REVERSE  Direction: ^^
>>Player 0 hand [4]: [ GREEN-SIX     ,    RED-ONE     ,    RED-SIX     ,   BLUE-DRAW_TWO]
  Player 1 hand [5]: [ GREEN-EIGHT   ,   BLUE-SIX     ,    RED-FIVE    ,   BLUE-REVERSE ,   BLUE-EIGHT   ]

Player 0 played    RED-SIX     

Top card:    RED-SIX      Direction: ^^
  Player 0 hand [3]: [ GREEN-SIX     ,   BLUE-DRAW_TWO,    RED-ONE     ]
>>Player 1 hand [5]: [ GREEN-EIGHT   ,   BLUE-SIX     ,    RED-FIVE    ,   BLUE-REVERSE ,   BLUE-EIGHT   ]

Player 1 played   BLUE-SIX     

Top card:   BLUE-SIX      Direction: ^^
>>Player 0 hand [3]: [ GREEN-SIX     ,   BLUE-DRAW_TWO,    RED-ONE     ]
  Player 1 hand [4]: [ GREEN-EIGHT   ,   BLUE-EIGHT   ,    RED-FIVE    ,   BLUE-REVERSE ]

Player 0 played   BLUE-DRAW_TWO

Player 1 drew two cards and was skipped...

Top card:   BLUE-DRAW_TWO Direction: ^^
>>Player 0 hand [2]: [ GREEN-SIX     ,    RED-ONE     ]
  Player 1 hand [6]: [ GREEN-EIGHT   ,   BLUE-EIGHT   ,    RED-FIVE    ,   BLUE-REVERSE , YELLOW-THREE   ,  GREEN-THREE   ]

Player 0 drew a card
Player 0 didn't have a valid card to play

Top card:   BLUE-DRAW_TWO Direction: ^^
  Player 0 hand [3]: [   RED-ONE     ,  GREEN-ZERO    ,  GREEN-SIX     ]
>>Player 1 hand [6]: [ GREEN-EIGHT   ,   BLUE-EIGHT   ,    RED-FIVE    ,   BLUE-REVERSE , YELLOW-THREE   ,  GREEN-THREE   ]

Player 1 played   BLUE-EIGHT   

Top card:   BLUE-EIGHT    Direction: ^^
>>Player 0 hand [3]: [   RED-ONE     ,  GREEN-ZERO    ,  GREEN-SIX     ]
  Player 1 hand [5]: [YELLOW-THREE   ,  GREEN-EIGHT   ,  GREEN-THREE   ,    RED-FIVE    ,   BLUE-REVERSE ]

Player 0 drew a card
Player 0 didn't have a valid card to play

Top card:   BLUE-EIGHT    Direction: ^^
  Player 0 hand [4]: [ GREEN-ZERO    ,    RED-ONE     ,    RED-THREE   ,  GREEN-SIX     ]
>>Player 1 hand [5]: [YELLOW-THREE   ,  GREEN-EIGHT   ,  GREEN-THREE   ,    RED-FIVE    ,   BLUE-REVERSE ]

Player 1 played   BLUE-REVERSE 

Game direction was reversed...

Top card:   BLUE-REVERSE  Direction: vv
  Player 0 hand [4]: [ GREEN-ZERO    ,    RED-ONE     ,    RED-THREE   ,  GREEN-SIX     ]
>>Player 1 hand [4]: [ GREEN-THREE   , YELLOW-THREE   ,  GREEN-EIGHT   ,    RED-FIVE    ]

Player 1 drew a card
Player 1 didn't have a valid card to play

Top card:   BLUE-REVERSE  Direction: vv
>>Player 0 hand [4]: [ GREEN-ZERO    ,    RED-ONE     ,    RED-THREE   ,  GREEN-SIX     ]
  Player 1 hand [5]: [ GREEN-THREE   , YELLOW-THREE   ,    RED-EIGHT   ,    RED-FIVE    ,  GREEN-EIGHT   ]

Player 0 drew a card
Player 0 didn't have a valid card to play

Top card:   BLUE-REVERSE  Direction: vv
  Player 0 hand [5]: [   RED-THREE   ,  GREEN-ZERO    ,    RED-ONE     ,  GREEN-SIX     ,  GREEN-SEVEN   ]
>>Player 1 hand [5]: [ GREEN-THREE   , YELLOW-THREE   ,    RED-EIGHT   ,    RED-FIVE    ,  GREEN-EIGHT   ]

Player 1 drew a card
Player 1 didn't have a valid card to play

Top card:   BLUE-REVERSE  Direction: vv
>>Player 0 hand [5]: [   RED-THREE   ,  GREEN-ZERO    ,    RED-ONE     ,  GREEN-SIX     ,  GREEN-SEVEN   ]
  Player 1 hand [6]: [ GREEN-EIGHT   , YELLOW-THREE   ,    RED-FIVE    ,    RED-EIGHT   , YELLOW-SIX     ,  GREEN-THREE   ]

Player 0 drew a card
Player 0 didn't have a valid card to play

Top card:   BLUE-REVERSE  Direction: vv
  Player 0 hand [6]: [ GREEN-ZERO    , YELLOW-EIGHT   ,  GREEN-SEVEN   ,    RED-THREE   ,    RED-ONE     ,  GREEN-SIX     ]
>>Player 1 hand [6]: [ GREEN-EIGHT   , YELLOW-THREE   ,    RED-FIVE    ,    RED-EIGHT   , YELLOW-SIX     ,  GREEN-THREE   ]

Player 1 drew a card
Player 1 didn't have a valid card to play

Top card:   BLUE-REVERSE  Direction: vv
>>Player 0 hand [6]: [ GREEN-ZERO    , YELLOW-EIGHT   ,  GREEN-SEVEN   ,    RED-THREE   ,    RED-ONE     ,  GREEN-SIX     ]
  Player 1 hand [7]: [   RED-FIVE    ,  GREEN-EIGHT   ,  GREEN-THREE   , YELLOW-THREE   , YELLOW-SIX     ,    RED-EIGHT   ,    RED-SEVEN   ]

Player 0 drew a card
Player 0 played   BLUE-ONE     

Top card:   BLUE-ONE      Direction: vv
  Player 0 hand [6]: [ GREEN-SIX     ,    RED-THREE   ,    RED-ONE     , YELLOW-EIGHT   ,  GREEN-ZERO    ,  GREEN-SEVEN   ]
>>Player 1 hand [7]: [   RED-FIVE    ,  GREEN-EIGHT   ,  GREEN-THREE   , YELLOW-THREE   , YELLOW-SIX     ,    RED-EIGHT   ,    RED-SEVEN   ]

Player 1 drew a card
Player 1 didn't have a valid card to play

Top card:   BLUE-ONE      Direction: vv
>>Player 0 hand [6]: [ GREEN-SIX     ,    RED-THREE   ,    RED-ONE     , YELLOW-EIGHT   ,  GREEN-ZERO    ,  GREEN-SEVEN   ]
  Player 1 hand [8]: [ GREEN-THREE   ,    RED-SEVEN   , YELLOW-SIX     ,    RED-FIVE    ,  GREEN-EIGHT   , YELLOW-THREE   ,    RED-EIGHT   , YELLOW-SKIP    ]

Player 0 played    RED-ONE     

Top card:    RED-ONE      Direction: vv
  Player 0 hand [5]: [   RED-THREE   ,  GREEN-SEVEN   ,  GREEN-SIX     ,  GREEN-ZERO    , YELLOW-EIGHT   ]
>>Player 1 hand [8]: [ GREEN-THREE   ,    RED-SEVEN   , YELLOW-SIX     ,    RED-FIVE    ,  GREEN-EIGHT   , YELLOW-THREE   ,    RED-EIGHT   , YELLOW-SKIP    ]

Player 1 played    RED-FIVE    

Top card:    RED-FIVE     Direction: vv
>>Player 0 hand [5]: [   RED-THREE   ,  GREEN-SEVEN   ,  GREEN-SIX     ,  GREEN-ZERO    , YELLOW-EIGHT   ]
  Player 1 hand [7]: [ GREEN-EIGHT   , YELLOW-SKIP    , YELLOW-SIX     , YELLOW-THREE   ,    RED-SEVEN   ,    RED-EIGHT   ,  GREEN-THREE   ]

Player 0 played    RED-THREE   

Top card:    RED-THREE    Direction: vv
  Player 0 hand [4]: [ GREEN-SIX     , YELLOW-EIGHT   ,  GREEN-ZERO    ,  GREEN-SEVEN   ]
>>Player 1 hand [7]: [ GREEN-EIGHT   , YELLOW-SKIP    , YELLOW-SIX     , YELLOW-THREE   ,    RED-SEVEN   ,    RED-EIGHT   ,  GREEN-THREE   ]

Player 1 played YELLOW-THREE   

Top card: YELLOW-THREE    Direction: vv
>>Player 0 hand [4]: [ GREEN-SIX     , YELLOW-EIGHT   ,  GREEN-ZERO    ,  GREEN-SEVEN   ]
  Player 1 hand [6]: [YELLOW-SKIP    ,    RED-EIGHT   ,  GREEN-THREE   , YELLOW-SIX     ,  GREEN-EIGHT   ,    RED-SEVEN   ]

Player 0 played YELLOW-EIGHT   

Top card: YELLOW-EIGHT    Direction: vv
  Player 0 hand [3]: [ GREEN-SIX     ,  GREEN-SEVEN   ,  GREEN-ZERO    ]
>>Player 1 hand [6]: [YELLOW-SKIP    ,    RED-EIGHT   ,  GREEN-THREE   , YELLOW-SIX     ,  GREEN-EIGHT   ,    RED-SEVEN   ]

Player 1 played YELLOW-SIX     

Top card: YELLOW-SIX      Direction: vv
>>Player 0 hand [3]: [ GREEN-SIX     ,  GREEN-SEVEN   ,  GREEN-ZERO    ]
  Player 1 hand [5]: [   RED-EIGHT   ,  GREEN-EIGHT   , YELLOW-SKIP    ,  GREEN-THREE   ,    RED-SEVEN   ]

Player 0 played  GREEN-SIX     

Top card:  GREEN-SIX      Direction: vv
  Player 0 hand [2]: [ GREEN-SEVEN   ,  GREEN-ZERO    ]
>>Player 1 hand [5]: [   RED-EIGHT   ,  GREEN-EIGHT   , YELLOW-SKIP    ,  GREEN-THREE   ,    RED-SEVEN   ]

Player 1 played  GREEN-EIGHT   

Top card:  GREEN-EIGHT    Direction: vv
>>Player 0 hand [2]: [ GREEN-SEVEN   ,  GREEN-ZERO    ]
  Player 1 hand [4]: [   RED-SEVEN   ,    RED-EIGHT   , YELLOW-SKIP    ,  GREEN-THREE   ]

Player 0 played  GREEN-ZERO    

Top card:  GREEN-ZERO     Direction: vv
  Player 0 hand [1]: [ GREEN-SEVEN   ]
>>Player 1 hand [4]: [   RED-SEVEN   ,    RED-EIGHT   , YELLOW-SKIP    ,  GREEN-THREE   ]

Player 1 played  GREEN-THREE   

Top card:  GREEN-THREE    Direction: vv
>>Player 0 hand [1]: [ GREEN-SEVEN   ]
  Player 1 hand [3]: [YELLOW-SKIP    ,    RED-SEVEN   ,    RED-EIGHT   ]

Player 0 played  GREEN-SEVEN   

Game over!
Winner: Player 0
]]></system-out>
  </testcase>
</testsuite>